10:24:28  INFO  manager.ApplicationManager - The link --->https://telranedu.web.app/home
10:24:28  INFO  tests.TestBase - Name of method -->loginWrongEmail
10:24:28  INFO  manager.ListenerWD - before Find Elements --->By.xpath: //button[text()='Sign Out']
10:24:33  INFO  manager.ListenerWD - after Find Elements --->By.xpath: //button[text()='Sign Out']
10:24:33  INFO  manager.ListenerWD - list of elements is --->0
10:24:33  INFO  tests.TestBase - Test data ----> email: p.v.2977187' & password : 'P29348092l@'
10:24:33  INFO  manager.ListenerWD - before Find Element --->By.cssSelector: a[href='/login']
10:24:33  INFO  manager.ListenerWD - after Find Element --->By.cssSelector: a[href='/login']
10:24:33  INFO  manager.ListenerWD - Location of element(1170, 34)
10:24:33  INFO  manager.ListenerWD - before Find Element --->By.name: email
10:24:33  INFO  manager.ListenerWD - after Find Element --->By.name: email
10:24:33  INFO  manager.ListenerWD - Location of element(440, 250)
10:24:33  INFO  manager.ListenerWD - before Find Element --->By.xpath: //input[last()]
10:24:33  INFO  manager.ListenerWD - after Find Element --->By.xpath: //input[last()]
10:24:34  INFO  manager.ListenerWD - Location of element(440, 320)
10:24:34  INFO  manager.ListenerWD - before Find Element --->By.xpath: //button[text()='Login']
10:24:34  INFO  manager.ListenerWD - after Find Element --->By.xpath: //button[text()='Login']
10:24:34  INFO  manager.ListenerWD - Location of element(440, 390)
10:24:34  INFO  manager.ListenerWD - Huston we have a problem!
10:24:34  INFO  manager.ListenerWD - Object target --->org.openqa.selenium.remote.RemoteWebDriver$RemoteTargetLocator@7e62cfa3
10:24:34  INFO  manager.ListenerWD - ***********************
10:24:34  INFO  manager.ListenerWD - alert
10:24:34  INFO  manager.ListenerWD - ***********************
10:24:34  INFO  manager.ListenerWD - ***********************
10:24:34  INFO  manager.ListenerWD - ***********************
10:24:34  INFO  manager.ListenerWD - InvocationTargetException & getTargetExceptionorg.openqa.selenium.NoAlertPresentException: no such alert
  (Session info: chrome=112.0.5615.138)
Build info: version: '4.7.0', revision: '0a5b49d16f'
System info: os.name: 'Windows 11', os.arch: 'amd64', os.version: '10.0', java.version: '11.0.18'
Driver info: org.openqa.selenium.chrome.ChromeDriver
Command: [f3f8d740bb15df20da8a02ece006397b, getAlertText {}]
Capabilities {acceptInsecureCerts: false, browserName: chrome, browserVersion: 112.0.5615.138, chrome: {chromedriverVersion: 112.0.5615.49 (bd2a7bcb881c..., userDataDir: C:\Users\pv297\AppData\Loca...}, goog:chromeOptions: {debuggerAddress: localhost:59529}, networkConnectionEnabled: false, pageLoadStrategy: normal, platformName: WINDOWS, proxy: Proxy(), se:cdp: ws://localhost:59529/devtoo..., se:cdpVersion: 112.0.5615.138, setWindowRect: true, strictFileInteractability: false, timeouts: {implicit: 0, pageLoad: 300000, script: 30000}, unhandledPromptBehavior: dismiss and notify, webauthn:extension:credBlob: true, webauthn:extension:largeBlob: true, webauthn:extension:minPinLength: true, webauthn:extension:prf: true, webauthn:virtualAuthenticators: true}
Session ID: f3f8d740bb15df20da8a02ece006397b
10:24:34  INFO  manager.ListenerWD - ***********************
10:24:34  INFO  manager.ListenerWD - Screen with error is --->src/test/screenshots/screen_1775.png
10:24:34  INFO  manager.ListenerWD - Huston we have a problem!
10:24:34  INFO  manager.ListenerWD - Object target --->org.openqa.selenium.remote.RemoteWebDriver$RemoteTargetLocator@6723610b
10:24:34  INFO  manager.ListenerWD - ***********************
10:24:34  INFO  manager.ListenerWD - alert
10:24:34  INFO  manager.ListenerWD - ***********************
10:24:34  INFO  manager.ListenerWD - ***********************
10:24:34  INFO  manager.ListenerWD - ***********************
10:24:34  INFO  manager.ListenerWD - InvocationTargetException & getTargetExceptionorg.openqa.selenium.NoAlertPresentException: no such alert
  (Session info: chrome=112.0.5615.138)
Build info: version: '4.7.0', revision: '0a5b49d16f'
System info: os.name: 'Windows 11', os.arch: 'amd64', os.version: '10.0', java.version: '11.0.18'
Driver info: org.openqa.selenium.chrome.ChromeDriver
Command: [f3f8d740bb15df20da8a02ece006397b, getAlertText {}]
Capabilities {acceptInsecureCerts: false, browserName: chrome, browserVersion: 112.0.5615.138, chrome: {chromedriverVersion: 112.0.5615.49 (bd2a7bcb881c..., userDataDir: C:\Users\pv297\AppData\Loca...}, goog:chromeOptions: {debuggerAddress: localhost:59529}, networkConnectionEnabled: false, pageLoadStrategy: normal, platformName: WINDOWS, proxy: Proxy(), se:cdp: ws://localhost:59529/devtoo..., se:cdpVersion: 112.0.5615.138, setWindowRect: true, strictFileInteractability: false, timeouts: {implicit: 0, pageLoad: 300000, script: 30000}, unhandledPromptBehavior: dismiss and notify, webauthn:extension:credBlob: true, webauthn:extension:largeBlob: true, webauthn:extension:minPinLength: true, webauthn:extension:prf: true, webauthn:virtualAuthenticators: true}
Session ID: f3f8d740bb15df20da8a02ece006397b
10:24:34  INFO  manager.ListenerWD - ***********************
10:24:34  INFO  manager.ListenerWD - Screen with error is --->src/test/screenshots/screen_1673.png
10:24:35  INFO  tests.TestBase - Assert check is alert present with error text 'Wrong email or password'
10:24:35  INFO  tests.TestBase - Name of method -->registrationWrongEmail
10:24:35  INFO  manager.ListenerWD - before Find Elements --->By.xpath: //button[text()='Sign Out']
10:24:40  INFO  manager.ListenerWD - after Find Elements --->By.xpath: //button[text()='Sign Out']
10:24:40  INFO  manager.ListenerWD - list of elements is --->0
10:24:40  INFO  tests.TestBase - Tests run with data: --->User{email='nilgmail.com', password='Nil12345@'}
10:24:40  INFO  manager.ListenerWD - before Find Element --->By.cssSelector: a[href='/login']
10:24:40  INFO  manager.ListenerWD - after Find Element --->By.cssSelector: a[href='/login']
10:24:40  INFO  manager.ListenerWD - Location of element(1169, 33)
10:24:40  INFO  manager.ListenerWD - before Find Element --->By.name: email
10:24:40  INFO  manager.ListenerWD - after Find Element --->By.name: email
10:24:40  INFO  manager.ListenerWD - Location of element(440, 281)
10:24:41  INFO  manager.ListenerWD - before Find Element --->By.xpath: //input[last()]
10:24:41  INFO  manager.ListenerWD - after Find Element --->By.xpath: //input[last()]
10:24:41  INFO  manager.ListenerWD - Location of element(440, 351)
10:24:41  INFO  manager.ListenerWD - before Find Element --->By.xpath: //button[text()='Registration']
10:24:41  INFO  manager.ListenerWD - after Find Element --->By.xpath: //button[text()='Registration']
10:24:41  INFO  manager.ListenerWD - Location of element(690, 421)
10:24:41  INFO  manager.ListenerWD - Huston we have a problem!
10:24:41  INFO  manager.ListenerWD - Object target --->org.openqa.selenium.remote.RemoteWebDriver$RemoteTargetLocator@f25f48a
10:24:41  INFO  manager.ListenerWD - ***********************
10:24:41  INFO  manager.ListenerWD - alert
10:24:41  INFO  manager.ListenerWD - ***********************
10:24:41  INFO  manager.ListenerWD - ***********************
10:24:41  INFO  manager.ListenerWD - ***********************
10:24:41  INFO  manager.ListenerWD - InvocationTargetException & getTargetExceptionorg.openqa.selenium.NoAlertPresentException: no such alert
  (Session info: chrome=112.0.5615.138)
Build info: version: '4.7.0', revision: '0a5b49d16f'
System info: os.name: 'Windows 11', os.arch: 'amd64', os.version: '10.0', java.version: '11.0.18'
Driver info: org.openqa.selenium.chrome.ChromeDriver
Command: [f3f8d740bb15df20da8a02ece006397b, getAlertText {}]
Capabilities {acceptInsecureCerts: false, browserName: chrome, browserVersion: 112.0.5615.138, chrome: {chromedriverVersion: 112.0.5615.49 (bd2a7bcb881c..., userDataDir: C:\Users\pv297\AppData\Loca...}, goog:chromeOptions: {debuggerAddress: localhost:59529}, networkConnectionEnabled: false, pageLoadStrategy: normal, platformName: WINDOWS, proxy: Proxy(), se:cdp: ws://localhost:59529/devtoo..., se:cdpVersion: 112.0.5615.138, setWindowRect: true, strictFileInteractability: false, timeouts: {implicit: 0, pageLoad: 300000, script: 30000}, unhandledPromptBehavior: dismiss and notify, webauthn:extension:credBlob: true, webauthn:extension:largeBlob: true, webauthn:extension:minPinLength: true, webauthn:extension:prf: true, webauthn:virtualAuthenticators: true}
Session ID: f3f8d740bb15df20da8a02ece006397b
10:24:41  INFO  manager.ListenerWD - ***********************
10:24:41  INFO  manager.ListenerWD - Screen with error is --->src/test/screenshots/screen_1343.png
10:24:42  INFO  manager.ListenerWD - Huston we have a problem!
10:24:42  INFO  manager.ListenerWD - Object target --->org.openqa.selenium.remote.RemoteWebDriver$RemoteTargetLocator@6b4fc2d1
10:24:42  INFO  manager.ListenerWD - ***********************
10:24:42  INFO  manager.ListenerWD - alert
10:24:42  INFO  manager.ListenerWD - ***********************
10:24:42  INFO  manager.ListenerWD - ***********************
10:24:42  INFO  manager.ListenerWD - ***********************
10:24:42  INFO  manager.ListenerWD - InvocationTargetException & getTargetExceptionorg.openqa.selenium.NoAlertPresentException: no such alert
  (Session info: chrome=112.0.5615.138)
Build info: version: '4.7.0', revision: '0a5b49d16f'
System info: os.name: 'Windows 11', os.arch: 'amd64', os.version: '10.0', java.version: '11.0.18'
Driver info: org.openqa.selenium.chrome.ChromeDriver
Command: [f3f8d740bb15df20da8a02ece006397b, getAlertText {}]
Capabilities {acceptInsecureCerts: false, browserName: chrome, browserVersion: 112.0.5615.138, chrome: {chromedriverVersion: 112.0.5615.49 (bd2a7bcb881c..., userDataDir: C:\Users\pv297\AppData\Loca...}, goog:chromeOptions: {debuggerAddress: localhost:59529}, networkConnectionEnabled: false, pageLoadStrategy: normal, platformName: WINDOWS, proxy: Proxy(), se:cdp: ws://localhost:59529/devtoo..., se:cdpVersion: 112.0.5615.138, setWindowRect: true, strictFileInteractability: false, timeouts: {implicit: 0, pageLoad: 300000, script: 30000}, unhandledPromptBehavior: dismiss and notify, webauthn:extension:credBlob: true, webauthn:extension:largeBlob: true, webauthn:extension:minPinLength: true, webauthn:extension:prf: true, webauthn:virtualAuthenticators: true}
Session ID: f3f8d740bb15df20da8a02ece006397b
10:24:42  INFO  manager.ListenerWD - ***********************
10:24:42  INFO  manager.ListenerWD - Screen with error is --->src/test/screenshots/screen_1870.png
10:24:42  INFO  manager.ListenerWD - Huston we have a problem!
10:24:42  INFO  manager.ListenerWD - Object target --->org.openqa.selenium.remote.RemoteWebDriver$RemoteTargetLocator@2ffe243f
10:24:42  INFO  manager.ListenerWD - ***********************
10:24:42  INFO  manager.ListenerWD - alert
10:24:42  INFO  manager.ListenerWD - ***********************
10:24:42  INFO  manager.ListenerWD - ***********************
10:24:42  INFO  manager.ListenerWD - ***********************
10:24:42  INFO  manager.ListenerWD - InvocationTargetException & getTargetExceptionorg.openqa.selenium.NoAlertPresentException: no such alert
  (Session info: chrome=112.0.5615.138)
Build info: version: '4.7.0', revision: '0a5b49d16f'
System info: os.name: 'Windows 11', os.arch: 'amd64', os.version: '10.0', java.version: '11.0.18'
Driver info: org.openqa.selenium.chrome.ChromeDriver
Command: [f3f8d740bb15df20da8a02ece006397b, getAlertText {}]
Capabilities {acceptInsecureCerts: false, browserName: chrome, browserVersion: 112.0.5615.138, chrome: {chromedriverVersion: 112.0.5615.49 (bd2a7bcb881c..., userDataDir: C:\Users\pv297\AppData\Loca...}, goog:chromeOptions: {debuggerAddress: localhost:59529}, networkConnectionEnabled: false, pageLoadStrategy: normal, platformName: WINDOWS, proxy: Proxy(), se:cdp: ws://localhost:59529/devtoo..., se:cdpVersion: 112.0.5615.138, setWindowRect: true, strictFileInteractability: false, timeouts: {implicit: 0, pageLoad: 300000, script: 30000}, unhandledPromptBehavior: dismiss and notify, webauthn:extension:credBlob: true, webauthn:extension:largeBlob: true, webauthn:extension:minPinLength: true, webauthn:extension:prf: true, webauthn:virtualAuthenticators: true}
Session ID: f3f8d740bb15df20da8a02ece006397b
10:24:42  INFO  manager.ListenerWD - ***********************
10:24:42  INFO  manager.ListenerWD - Screen with error is --->src/test/screenshots/screen_1812.png
10:24:43  INFO  manager.ListenerWD - Huston we have a problem!
10:24:43  INFO  manager.ListenerWD - Object target --->org.openqa.selenium.remote.RemoteWebDriver$RemoteTargetLocator@68b734a8
10:24:43  INFO  manager.ListenerWD - ***********************
10:24:43  INFO  manager.ListenerWD - alert
10:24:43  INFO  manager.ListenerWD - ***********************
10:24:43  INFO  manager.ListenerWD - ***********************
10:24:43  INFO  manager.ListenerWD - ***********************
10:24:43  INFO  manager.ListenerWD - InvocationTargetException & getTargetExceptionorg.openqa.selenium.NoAlertPresentException: no such alert
  (Session info: chrome=112.0.5615.138)
Build info: version: '4.7.0', revision: '0a5b49d16f'
System info: os.name: 'Windows 11', os.arch: 'amd64', os.version: '10.0', java.version: '11.0.18'
Driver info: org.openqa.selenium.chrome.ChromeDriver
Command: [f3f8d740bb15df20da8a02ece006397b, getAlertText {}]
Capabilities {acceptInsecureCerts: false, browserName: chrome, browserVersion: 112.0.5615.138, chrome: {chromedriverVersion: 112.0.5615.49 (bd2a7bcb881c..., userDataDir: C:\Users\pv297\AppData\Loca...}, goog:chromeOptions: {debuggerAddress: localhost:59529}, networkConnectionEnabled: false, pageLoadStrategy: normal, platformName: WINDOWS, proxy: Proxy(), se:cdp: ws://localhost:59529/devtoo..., se:cdpVersion: 112.0.5615.138, setWindowRect: true, strictFileInteractability: false, timeouts: {implicit: 0, pageLoad: 300000, script: 30000}, unhandledPromptBehavior: dismiss and notify, webauthn:extension:credBlob: true, webauthn:extension:largeBlob: true, webauthn:extension:minPinLength: true, webauthn:extension:prf: true, webauthn:virtualAuthenticators: true}
Session ID: f3f8d740bb15df20da8a02ece006397b
10:24:43  INFO  manager.ListenerWD - ***********************
10:24:43  INFO  manager.ListenerWD - Screen with error is --->src/test/screenshots/screen_1013.png
